In file included from [01m[K/opt/ros/noetic/include/ros/ros.h:40[m[K,
                 from [01m[K/home/jakeluo/Documents/RM_published_outside_repos/IntelligentUAVChampionshipBase-main/src/keyboard_control/include/basic.hpp:1[m[K,
                 from [01m[K/home/jakeluo/Documents/RM_published_outside_repos/IntelligentUAVChampionshipBase-main/src/keyboard_control/src/keyboard_control.cpp:1[m[K:
[01m[K/home/jakeluo/Documents/RM_published_outside_repos/IntelligentUAVChampionshipBase-main/src/keyboard_control/src/keyboard_control.cpp:[m[K In function ‘[01m[Kvoid bottom_view_cb(const ImageConstPtr&)[m[K’:
[01m[K/home/jakeluo/Documents/RM_published_outside_repos/IntelligentUAVChampionshipBase-main/src/keyboard_control/src/keyboard_control.cpp:176:14:[m[K [01;35m[Kwarning: [m[Kformat ‘[01m[K%d[m[K’ expects argument of type ‘[01m[Kint[m[K’, but argument 10 has type ‘[01m[Kstd::vector<unsigned char, std::allocator<unsigned char> >::size_type[m[K’ {aka ‘[01m[Klong unsigned int[m[K’} [[01;35m[K-Wformat=[m[K]
  176 |     ROS_INFO([01;35m[K"Get bottom view image\n height: %d\n weight: %d\n size: %d"[m[K,
      |              [01;35m[K^~~~~~~~~~~~~~~~~~~~~~~~~~~~~~~~~~~~~~~~~~~~~~~~~~~~~~~~~~~~[m[K
  177 |     msg->height, msg->width, [32m[Kmsg->data.size()[m[K);//图像高度宽度以及数据大小， size = height*weight*3 (8bit3通道)
      |                              [32m[K~~~~~~~~~~~~~~~~[m[K
      |                                            [32m[K|[m[K
      |                                            [32m[Kstd::vector<unsigned char, std::allocator<unsigned char> >::size_type {aka long unsigned int}[m[K
[01m[K/opt/ros/noetic/include/ros/console.h:351:165:[m[K [01;36m[Knote: [m[Kin definition of macro ‘[01m[KROSCONSOLE_PRINT_AT_LOCATION_WITH_FILTER[m[K’
  351 |     ::ros::console::print(filter, __rosconsole_define_location__loc.logger_, __rosconsole_define_location__loc.level_, __FILE__, __LINE__, __ROSCONSOLE_FUNCTION__, [01;36m[K__VA_ARGS__[m[K)
      |                                                                                                                                                                     [01;36m[K^~~~~~~~~~~[m[K
[01m[K/opt/ros/noetic/include/ros/console.h:390:7:[m[K [01;36m[Knote: [m[Kin expansion of macro ‘[01m[KROSCONSOLE_PRINT_AT_LOCATION[m[K’
  390 |       [01;36m[KROSCONSOLE_PRINT_AT_LOCATION[m[K(__VA_ARGS__); \
      |       [01;36m[K^~~~~~~~~~~~~~~~~~~~~~~~~~~~[m[K
[01m[K/opt/ros/noetic/include/ros/console.h:575:35:[m[K [01;36m[Knote: [m[Kin expansion of macro ‘[01m[KROS_LOG_COND[m[K’
  575 | #define ROS_LOG(level, name, ...) [01;36m[KROS_LOG_COND[m[K(true, level, name, __VA_ARGS__)
      |                                   [01;36m[K^~~~~~~~~~~~[m[K
[01m[K/opt/ros/noetic/include/rosconsole/macros_generated.h:110:23:[m[K [01;36m[Knote: [m[Kin expansion of macro ‘[01m[KROS_LOG[m[K’
  110 | #define ROS_INFO(...) [01;36m[KROS_LOG[m[K(::ros::console::levels::Info, ROSCONSOLE_DEFAULT_NAME, __VA_ARGS__)
      |                       [01;36m[K^~~~~~~[m[K
[01m[K/home/jakeluo/Documents/RM_published_outside_repos/IntelligentUAVChampionshipBase-main/src/keyboard_control/src/keyboard_control.cpp:176:5:[m[K [01;36m[Knote: [m[Kin expansion of macro ‘[01m[KROS_INFO[m[K’
  176 |     [01;36m[KROS_INFO[m[K("Get bottom view image\n height: %d\n weight: %d\n size: %d",
      |     [01;36m[K^~~~~~~~[m[K
[01m[K/home/jakeluo/Documents/RM_published_outside_repos/IntelligentUAVChampionshipBase-main/src/keyboard_control/src/keyboard_control.cpp:176:72:[m[K [01;36m[Knote: [m[Kformat string is defined here
  176 |     ROS_INFO("Get bottom view image\n height: %d\n weight: %d\n size: [01;36m[K%d[m[K",
      |                                                                       [01;36m[K~^[m[K
      |                                                                        [01;36m[K|[m[K
      |                                                                        [01;36m[Kint[m[K
      |                                                                       [32m[K%ld[m[K
