[35m[1mScanning dependencies of target _airsim_ros_pkgs_generate_messages_check_deps_CarState[0m
[35m[1mScanning dependencies of target _airsim_ros_pkgs_generate_messages_check_deps_GPSYaw[0m
[35m[1mScanning dependencies of target geometry_msgs_generate_messages_nodejs[0m
[35m[1mScanning dependencies of target _airsim_ros_pkgs_generate_messages_check_deps_Takeoff[0m
[35m[1mScanning dependencies of target _airsim_ros_pkgs_generate_messages_check_deps_Altimeter[0m
[35m[1mScanning dependencies of target _airsim_ros_pkgs_generate_messages_check_deps_Land[0m
[35m[1mScanning dependencies of target _airsim_ros_pkgs_generate_messages_check_deps_Reset[0m
[35m[1mScanning dependencies of target _airsim_ros_pkgs_generate_messages_check_deps_LandGroup[0m
[35m[1mScanning dependencies of target geographic_msgs_generate_messages_nodejs[0m
[35m[1mScanning dependencies of target _airsim_ros_pkgs_generate_messages_check_deps_CarControls[0m
[35m[1mScanning dependencies of target _airsim_ros_pkgs_generate_messages_check_deps_Environment[0m
[35m[1mScanning dependencies of target _airsim_ros_pkgs_generate_messages_check_deps_PoseCmd[0m
[35m[1mScanning dependencies of target _airsim_ros_pkgs_generate_messages_check_deps_TakeoffGroup[0m
[35m[1mScanning dependencies of target _airsim_ros_pkgs_generate_messages_check_deps_SetGPSPosition[0m
[35m[1mScanning dependencies of target _airsim_ros_pkgs_generate_messages_check_deps_VelCmdGroup[0m
[35m[1mScanning dependencies of target std_msgs_generate_messages_nodejs[0m
[35m[1mScanning dependencies of target _airsim_ros_pkgs_generate_messages_check_deps_GimbalAngleEulerCmd[0m
[35m[1mScanning dependencies of target _airsim_ros_pkgs_generate_messages_check_deps_VelCmd[0m
[35m[1mScanning dependencies of target _airsim_ros_pkgs_generate_messages_check_deps_SetLocalPosition[0m
[35m[1mScanning dependencies of target _airsim_ros_pkgs_generate_messages_check_deps_GimbalAngleQuatCmd[0m
[  0%] Built target geographic_msgs_generate_messages_nodejs
[  0%] Built target geometry_msgs_generate_messages_nodejs
[  0%] Built target std_msgs_generate_messages_nodejs
[35m[1mScanning dependencies of target geographic_msgs_generate_messages_py[0m
[35m[1mScanning dependencies of target geometry_msgs_generate_messages_py[0m
[  0%] Built target _airsim_ros_pkgs_generate_messages_check_deps_CarControls
[  0%] Built target _airsim_ros_pkgs_generate_messages_check_deps_Altimeter
[  0%] Built target geographic_msgs_generate_messages_py
[  0%] Built target _airsim_ros_pkgs_generate_messages_check_deps_CarState
[  0%] Built target _airsim_ros_pkgs_generate_messages_check_deps_GPSYaw
[  0%] Built target _airsim_ros_pkgs_generate_messages_check_deps_Land
[  0%] Built target _airsim_ros_pkgs_generate_messages_check_deps_Takeoff
[  0%] Built target _airsim_ros_pkgs_generate_messages_check_deps_SetGPSPosition
[35m[1mScanning dependencies of target std_msgs_generate_messages_py[0m
[  0%] Built target _airsim_ros_pkgs_generate_messages_check_deps_PoseCmd
[  0%] Built target _airsim_ros_pkgs_generate_messages_check_deps_Reset
[  0%] Built target _airsim_ros_pkgs_generate_messages_check_deps_LandGroup
[  0%] Built target _airsim_ros_pkgs_generate_messages_check_deps_VelCmdGroup
[  0%] Built target _airsim_ros_pkgs_generate_messages_check_deps_TakeoffGroup
[  0%] Built target _airsim_ros_pkgs_generate_messages_check_deps_Environment
[  0%] Built target geometry_msgs_generate_messages_py
[  0%] Built target _airsim_ros_pkgs_generate_messages_check_deps_VelCmd
[35m[1mScanning dependencies of target geometry_msgs_generate_messages_lisp[0m
[35m[1mScanning dependencies of target std_msgs_generate_messages_eus[0m
[  0%] Built target _airsim_ros_pkgs_generate_messages_check_deps_GimbalAngleEulerCmd
[  0%] Built target _airsim_ros_pkgs_generate_messages_check_deps_SetLocalPosition
[35m[1mScanning dependencies of target geometry_msgs_generate_messages_eus[0m
[  0%] Built target _airsim_ros_pkgs_generate_messages_check_deps_GimbalAngleQuatCmd
[35m[1mScanning dependencies of target geographic_msgs_generate_messages_eus[0m
[35m[1mScanning dependencies of target geographic_msgs_generate_messages_cpp[0m
[35m[1mScanning dependencies of target geometry_msgs_generate_messages_cpp[0m
[  0%] Built target std_msgs_generate_messages_py
[35m[1mScanning dependencies of target std_msgs_generate_messages_cpp[0m
[35m[1mScanning dependencies of target std_msgs_generate_messages_lisp[0m
[35m[1mScanning dependencies of target geographic_msgs_generate_messages_lisp[0m
[  0%] Built target geographic_msgs_generate_messages_eus
[  0%] Built target geometry_msgs_generate_messages_eus
[35m[1mScanning dependencies of target airsim_ros_pkgs_generate_messages_nodejs[0m
[  0%] Built target std_msgs_generate_messages_eus
[  0%] Built target geometry_msgs_generate_messages_lisp
[  0%] Built target geometry_msgs_generate_messages_cpp
[35m[1mScanning dependencies of target airsim_ros_pkgs_generate_messages_py[0m
[  0%] Built target std_msgs_generate_messages_cpp
[  0%] Built target geographic_msgs_generate_messages_cpp
[  0%] Built target std_msgs_generate_messages_lisp
[  0%] Built target geographic_msgs_generate_messages_lisp
[  1%] [34m[1mGenerating Javascript code from airsim_ros_pkgs/GimbalAngleQuatCmd.msg[0m
[  2%] [34m[1mGenerating Javascript code from airsim_ros_pkgs/GPSYaw.msg[0m
[  3%] [34m[1mGenerating Javascript code from airsim_ros_pkgs/GimbalAngleEulerCmd.msg[0m
[35m[1mScanning dependencies of target airsim_ros_pkgs_generate_messages_eus[0m
[  5%] [34m[1mGenerating Javascript code from airsim_ros_pkgs/CarControls.msg[0m
[  5%] [34m[1mGenerating Javascript code from airsim_ros_pkgs/VelCmd.msg[0m
[  6%] [34m[1mGenerating Javascript code from airsim_ros_pkgs/CarState.msg[0m
[  7%] [34m[1mGenerating Javascript code from airsim_ros_pkgs/Altimeter.msg[0m
[ 10%] [34m[1mGenerating Javascript code from airsim_ros_pkgs/VelCmdGroup.msg[0m
[ 10%] [34m[1mGenerating Javascript code from airsim_ros_pkgs/Environment.msg[0m
[ 11%] [34m[1mGenerating Javascript code from airsim_ros_pkgs/SetGPSPosition.srv[0m
[ 12%] [34m[1mGenerating Javascript code from airsim_ros_pkgs/PoseCmd.msg[0m
[ 13%] [34m[1mGenerating Javascript code from airsim_ros_pkgs/TakeoffGroup.srv[0m
[ 14%] [34m[1mGenerating Python from MSG airsim_ros_pkgs/GimbalAngleEulerCmd[0m
[ 15%] [34m[1mGenerating Python from MSG airsim_ros_pkgs/GimbalAngleQuatCmd[0m
[ 17%] [34m[1mGenerating Javascript code from airsim_ros_pkgs/Takeoff.srv[0m
[35m[1mScanning dependencies of target airsim_ros_pkgs_generate_messages_cpp[0m
[ 18%] [34m[1mGenerating Python from MSG airsim_ros_pkgs/GPSYaw[0m
[ 19%] [34m[1mGenerating Javascript code from airsim_ros_pkgs/Land.srv[0m
[35m[1mScanning dependencies of target airsim_ros_pkgs_generate_messages_lisp[0m
[ 20%] [34m[1mGenerating C++ code from airsim_ros_pkgs/GimbalAngleEulerCmd.msg[0m
[ 22%] [34m[1mGenerating Lisp code from airsim_ros_pkgs/GimbalAngleEulerCmd.msg[0m
[ 22%] [34m[1mGenerating EusLisp code from airsim_ros_pkgs/GimbalAngleEulerCmd.msg[0m
[ 23%] [34m[1mGenerating EusLisp code from airsim_ros_pkgs/GimbalAngleQuatCmd.msg[0m
[ 26%] [34m[1mGenerating Python from MSG airsim_ros_pkgs/VelCmd[0m
[ 27%] [34m[1mGenerating EusLisp code from airsim_ros_pkgs/GPSYaw.msg[0m
[ 27%] [34m[1mGenerating C++ code from airsim_ros_pkgs/GimbalAngleQuatCmd.msg[0m
[ 29%] [34m[1mGenerating EusLisp code from airsim_ros_pkgs/VelCmd.msg[0m
[ 30%] [34m[1mGenerating Lisp code from airsim_ros_pkgs/GimbalAngleQuatCmd.msg[0m
[ 28%] [34m[1mGenerating Lisp code from airsim_ros_pkgs/GPSYaw.msg[0m
[ 31%] [34m[1mGenerating Lisp code from airsim_ros_pkgs/VelCmd.msg[0m
[ 32%] [34m[1mGenerating EusLisp code from airsim_ros_pkgs/VelCmdGroup.msg[0m
[ 35%] [34m[1mGenerating Javascript code from airsim_ros_pkgs/LandGroup.srv[0m
[ 35%] [34m[1mGenerating EusLisp code from airsim_ros_pkgs/CarControls.msg[0m
[ 36%] [34m[1mGenerating Python from MSG airsim_ros_pkgs/VelCmdGroup[0m
[ 37%] [34m[1mGenerating Lisp code from airsim_ros_pkgs/VelCmdGroup.msg[0m
[ 38%] [34m[1mGenerating Lisp code from airsim_ros_pkgs/CarControls.msg[0m
[ 39%] [34m[1mGenerating Javascript code from airsim_ros_pkgs/Reset.srv[0m
[ 43%] [34m[1mGenerating Lisp code from airsim_ros_pkgs/CarState.msg[0m
[ 43%] [34m[1mGenerating Python from MSG airsim_ros_pkgs/CarControls[0m
[ 43%] [34m[1mGenerating Lisp code from airsim_ros_pkgs/Altimeter.msg[0m
[ 45%] [34m[1mGenerating Javascript code from airsim_ros_pkgs/SetLocalPosition.srv[0m
[ 45%] [34m[1mGenerating Lisp code from airsim_ros_pkgs/Environment.msg[0m
[ 46%] [34m[1mGenerating C++ code from airsim_ros_pkgs/GPSYaw.msg[0m
[ 47%] [34m[1mGenerating C++ code from airsim_ros_pkgs/VelCmd.msg[0m
[ 48%] [34m[1mGenerating EusLisp code from airsim_ros_pkgs/CarState.msg[0m
[ 51%] [34m[1mGenerating EusLisp code from airsim_ros_pkgs/Environment.msg[0m
[ 51%] [34m[1mGenerating EusLisp code from airsim_ros_pkgs/Altimeter.msg[0m
[ 53%] [34m[1mGenerating EusLisp code from airsim_ros_pkgs/PoseCmd.msg[0m
[ 53%] [34m[1mGenerating Lisp code from airsim_ros_pkgs/PoseCmd.msg[0m
[ 54%] [34m[1mGenerating EusLisp code from airsim_ros_pkgs/SetGPSPosition.srv[0m
[ 56%] [34m[1mGenerating Lisp code from airsim_ros_pkgs/SetGPSPosition.srv[0m
[ 57%] [34m[1mGenerating EusLisp code from airsim_ros_pkgs/Takeoff.srv[0m
[ 56%] [34m[1mGenerating Python from MSG airsim_ros_pkgs/CarState[0m
[ 59%] [34m[1mGenerating C++ code from airsim_ros_pkgs/VelCmdGroup.msg[0m
[ 59%] Built target airsim_ros_pkgs_generate_messages_nodejs
[ 60%] [34m[1mGenerating C++ code from airsim_ros_pkgs/CarControls.msg[0m
[ 61%] [34m[1mGenerating Python from MSG airsim_ros_pkgs/Altimeter[0m
[ 62%] [34m[1mGenerating Python from MSG airsim_ros_pkgs/Environment[0m
[ 64%] [34m[1mGenerating Lisp code from airsim_ros_pkgs/TakeoffGroup.srv[0m
[ 64%] [34m[1mGenerating Lisp code from airsim_ros_pkgs/Takeoff.srv[0m
[ 65%] [34m[1mGenerating Lisp code from airsim_ros_pkgs/Land.srv[0m
[ 67%] [34m[1mGenerating Python from MSG airsim_ros_pkgs/PoseCmd[0m
[ 69%] [34m[1mGenerating Python code from SRV airsim_ros_pkgs/SetGPSPosition[0m
[ 69%] [34m[1mGenerating Python code from SRV airsim_ros_pkgs/Takeoff[0m
[ 70%] [34m[1mGenerating EusLisp code from airsim_ros_pkgs/TakeoffGroup.srv[0m
[ 72%] [34m[1mGenerating Lisp code from airsim_ros_pkgs/Reset.srv[0m
[ 72%] [34m[1mGenerating Lisp code from airsim_ros_pkgs/LandGroup.srv[0m
[ 73%] [34m[1mGenerating Python code from SRV airsim_ros_pkgs/TakeoffGroup[0m
[ 77%] [34m[1mGenerating C++ code from airsim_ros_pkgs/Altimeter.msg[0m
[ 77%] [34m[1mGenerating Lisp code from airsim_ros_pkgs/SetLocalPosition.srv[0m
[ 77%] [34m[1mGenerating C++ code from airsim_ros_pkgs/CarState.msg[0m
[ 78%] [34m[1mGenerating C++ code from airsim_ros_pkgs/Environment.msg[0m
[ 79%] [34m[1mGenerating Python code from SRV airsim_ros_pkgs/Land[0m
[ 81%] [34m[1mGenerating Python code from SRV airsim_ros_pkgs/LandGroup[0m
[ 81%] [34m[1mGenerating C++ code from airsim_ros_pkgs/PoseCmd.msg[0m
[ 82%] [34m[1mGenerating C++ code from airsim_ros_pkgs/SetGPSPosition.srv[0m
[ 85%] [34m[1mGenerating C++ code from airsim_ros_pkgs/Takeoff.srv[0m
[ 85%] [34m[1mGenerating Python code from SRV airsim_ros_pkgs/Reset[0m
[ 85%] Built target airsim_ros_pkgs_generate_messages_lisp
[ 86%] [34m[1mGenerating EusLisp code from airsim_ros_pkgs/LandGroup.srv[0m
[ 87%] [34m[1mGenerating C++ code from airsim_ros_pkgs/TakeoffGroup.srv[0m
[ 88%] [34m[1mGenerating EusLisp code from airsim_ros_pkgs/Land.srv[0m
[ 89%] [34m[1mGenerating Python code from SRV airsim_ros_pkgs/SetLocalPosition[0m
[ 90%] [34m[1mGenerating C++ code from airsim_ros_pkgs/Land.srv[0m
[ 92%] [34m[1mGenerating C++ code from airsim_ros_pkgs/LandGroup.srv[0m
[ 93%] [34m[1mGenerating C++ code from airsim_ros_pkgs/Reset.srv[0m
[ 95%] [34m[1mGenerating C++ code from airsim_ros_pkgs/SetLocalPosition.srv[0m
[ 95%] [34m[1mGenerating EusLisp code from airsim_ros_pkgs/SetLocalPosition.srv[0m
[ 96%] [34m[1mGenerating EusLisp code from airsim_ros_pkgs/Reset.srv[0m
[ 97%] [34m[1mGenerating EusLisp manifest code for airsim_ros_pkgs[0m
[ 98%] [34m[1mGenerating Python msg __init__.py for airsim_ros_pkgs[0m
[100%] [34m[1mGenerating Python srv __init__.py for airsim_ros_pkgs[0m
[100%] Built target airsim_ros_pkgs_generate_messages_cpp
[100%] Built target airsim_ros_pkgs_generate_messages_py
[100%] Built target airsim_ros_pkgs_generate_messages_eus
[35m[1mScanning dependencies of target airsim_ros_pkgs_generate_messages[0m
[100%] Built target airsim_ros_pkgs_generate_messages
