Symlinking /home/jakeluo/Documents/RM_published_outside_repos/IntelligentUAVChampionshipBase-main/devel/include/airsim_ros_pkgs/SetLocalPositionRequest.h
Symlinking /home/jakeluo/Documents/RM_published_outside_repos/IntelligentUAVChampionshipBase-main/devel/include/airsim_ros_pkgs/CarControls.h
Symlinking /home/jakeluo/Documents/RM_published_outside_repos/IntelligentUAVChampionshipBase-main/devel/include/airsim_ros_pkgs/Takeoff.h
Symlinking /home/jakeluo/Documents/RM_published_outside_repos/IntelligentUAVChampionshipBase-main/devel/include/airsim_ros_pkgs/VelCmdGroup.h
Symlinking /home/jakeluo/Documents/RM_published_outside_repos/IntelligentUAVChampionshipBase-main/devel/include/airsim_ros_pkgs/ResetResponse.h
Symlinking /home/jakeluo/Documents/RM_published_outside_repos/IntelligentUAVChampionshipBase-main/devel/include/airsim_ros_pkgs/VelCmd.h
Symlinking /home/jakeluo/Documents/RM_published_outside_repos/IntelligentUAVChampionshipBase-main/devel/include/airsim_ros_pkgs/TakeoffGroupRequest.h
Symlinking /home/jakeluo/Documents/RM_published_outside_repos/IntelligentUAVChampionshipBase-main/devel/include/airsim_ros_pkgs/SetLocalPositionResponse.h
Symlinking /home/jakeluo/Documents/RM_published_outside_repos/IntelligentUAVChampionshipBase-main/devel/include/airsim_ros_pkgs/SetGPSPosition.h
Symlinking /home/jakeluo/Documents/RM_published_outside_repos/IntelligentUAVChampionshipBase-main/devel/include/airsim_ros_pkgs/TakeoffGroupResponse.h
Symlinking /home/jakeluo/Documents/RM_published_outside_repos/IntelligentUAVChampionshipBase-main/devel/include/airsim_ros_pkgs/LandRequest.h
Symlinking /home/jakeluo/Documents/RM_published_outside_repos/IntelligentUAVChampionshipBase-main/devel/include/airsim_ros_pkgs/LandGroupResponse.h
Symlinking /home/jakeluo/Documents/RM_published_outside_repos/IntelligentUAVChampionshipBase-main/devel/include/airsim_ros_pkgs/TakeoffGroup.h
Symlinking /home/jakeluo/Documents/RM_published_outside_repos/IntelligentUAVChampionshipBase-main/devel/include/airsim_ros_pkgs/ResetRequest.h
Symlinking /home/jakeluo/Documents/RM_published_outside_repos/IntelligentUAVChampionshipBase-main/devel/include/airsim_ros_pkgs/GPSYaw.h
Symlinking /home/jakeluo/Documents/RM_published_outside_repos/IntelligentUAVChampionshipBase-main/devel/include/airsim_ros_pkgs/CarState.h
Symlinking /home/jakeluo/Documents/RM_published_outside_repos/IntelligentUAVChampionshipBase-main/devel/include/airsim_ros_pkgs/Reset.h
Symlinking /home/jakeluo/Documents/RM_published_outside_repos/IntelligentUAVChampionshipBase-main/devel/include/airsim_ros_pkgs/SetGPSPositionRequest.h
Symlinking /home/jakeluo/Documents/RM_published_outside_repos/IntelligentUAVChampionshipBase-main/devel/include/airsim_ros_pkgs/TakeoffResponse.h
Symlinking /home/jakeluo/Documents/RM_published_outside_repos/IntelligentUAVChampionshipBase-main/devel/include/airsim_ros_pkgs/Land.h
Symlinking /home/jakeluo/Documents/RM_published_outside_repos/IntelligentUAVChampionshipBase-main/devel/include/airsim_ros_pkgs/LandGroup.h
Symlinking /home/jakeluo/Documents/RM_published_outside_repos/IntelligentUAVChampionshipBase-main/devel/include/airsim_ros_pkgs/PoseCmd.h
Symlinking /home/jakeluo/Documents/RM_published_outside_repos/IntelligentUAVChampionshipBase-main/devel/include/airsim_ros_pkgs/Altimeter.h
Symlinking /home/jakeluo/Documents/RM_published_outside_repos/IntelligentUAVChampionshipBase-main/devel/include/airsim_ros_pkgs/Environment.h
Symlinking /home/jakeluo/Documents/RM_published_outside_repos/IntelligentUAVChampionshipBase-main/devel/include/airsim_ros_pkgs/LandResponse.h
Symlinking /home/jakeluo/Documents/RM_published_outside_repos/IntelligentUAVChampionshipBase-main/devel/include/airsim_ros_pkgs/SetLocalPosition.h
Symlinking /home/jakeluo/Documents/RM_published_outside_repos/IntelligentUAVChampionshipBase-main/devel/include/airsim_ros_pkgs/TakeoffRequest.h
Symlinking /home/jakeluo/Documents/RM_published_outside_repos/IntelligentUAVChampionshipBase-main/devel/include/airsim_ros_pkgs/LandGroupRequest.h
Symlinking /home/jakeluo/Documents/RM_published_outside_repos/IntelligentUAVChampionshipBase-main/devel/include/airsim_ros_pkgs/GimbalAngleQuatCmd.h
Symlinking /home/jakeluo/Documents/RM_published_outside_repos/IntelligentUAVChampionshipBase-main/devel/include/airsim_ros_pkgs/GimbalAngleEulerCmd.h
Symlinking /home/jakeluo/Documents/RM_published_outside_repos/IntelligentUAVChampionshipBase-main/devel/include/airsim_ros_pkgs/SetGPSPositionResponse.h
Symlinking /home/jakeluo/Documents/RM_published_outside_repos/IntelligentUAVChampionshipBase-main/devel/lib/python3/dist-packages/airsim_ros_pkgs/__init__.py
Symlinking /home/jakeluo/Documents/RM_published_outside_repos/IntelligentUAVChampionshipBase-main/devel/lib/python3/dist-packages/airsim_ros_pkgs/srv/_SetLocalPosition.py
Symlinking /home/jakeluo/Documents/RM_published_outside_repos/IntelligentUAVChampionshipBase-main/devel/lib/python3/dist-packages/airsim_ros_pkgs/srv/_TakeoffGroup.py
Symlinking /home/jakeluo/Documents/RM_published_outside_repos/IntelligentUAVChampionshipBase-main/devel/lib/python3/dist-packages/airsim_ros_pkgs/srv/_Takeoff.py
Symlinking /home/jakeluo/Documents/RM_published_outside_repos/IntelligentUAVChampionshipBase-main/devel/lib/python3/dist-packages/airsim_ros_pkgs/srv/_SetGPSPosition.py
Symlinking /home/jakeluo/Documents/RM_published_outside_repos/IntelligentUAVChampionshipBase-main/devel/lib/python3/dist-packages/airsim_ros_pkgs/srv/_Land.py
Symlinking /home/jakeluo/Documents/RM_published_outside_repos/IntelligentUAVChampionshipBase-main/devel/lib/python3/dist-packages/airsim_ros_pkgs/srv/_LandGroup.py
Symlinking /home/jakeluo/Documents/RM_published_outside_repos/IntelligentUAVChampionshipBase-main/devel/lib/python3/dist-packages/airsim_ros_pkgs/srv/_Reset.py
Symlinking /home/jakeluo/Documents/RM_published_outside_repos/IntelligentUAVChampionshipBase-main/devel/lib/python3/dist-packages/airsim_ros_pkgs/srv/__init__.py
Symlinking /home/jakeluo/Documents/RM_published_outside_repos/IntelligentUAVChampionshipBase-main/devel/lib/python3/dist-packages/airsim_ros_pkgs/msg/_CarControls.py
Symlinking /home/jakeluo/Documents/RM_published_outside_repos/IntelligentUAVChampionshipBase-main/devel/lib/python3/dist-packages/airsim_ros_pkgs/msg/_VelCmdGroup.py
Symlinking /home/jakeluo/Documents/RM_published_outside_repos/IntelligentUAVChampionshipBase-main/devel/lib/python3/dist-packages/airsim_ros_pkgs/msg/_GimbalAngleEulerCmd.py
Symlinking /home/jakeluo/Documents/RM_published_outside_repos/IntelligentUAVChampionshipBase-main/devel/lib/python3/dist-packages/airsim_ros_pkgs/msg/_Environment.py
Symlinking /home/jakeluo/Documents/RM_published_outside_repos/IntelligentUAVChampionshipBase-main/devel/lib/python3/dist-packages/airsim_ros_pkgs/msg/_Altimeter.py
Symlinking /home/jakeluo/Documents/RM_published_outside_repos/IntelligentUAVChampionshipBase-main/devel/lib/python3/dist-packages/airsim_ros_pkgs/msg/_GPSYaw.py
Symlinking /home/jakeluo/Documents/RM_published_outside_repos/IntelligentUAVChampionshipBase-main/devel/lib/python3/dist-packages/airsim_ros_pkgs/msg/_PoseCmd.py
Symlinking /home/jakeluo/Documents/RM_published_outside_repos/IntelligentUAVChampionshipBase-main/devel/lib/python3/dist-packages/airsim_ros_pkgs/msg/_CarState.py
Symlinking /home/jakeluo/Documents/RM_published_outside_repos/IntelligentUAVChampionshipBase-main/devel/lib/python3/dist-packages/airsim_ros_pkgs/msg/_VelCmd.py
Symlinking /home/jakeluo/Documents/RM_published_outside_repos/IntelligentUAVChampionshipBase-main/devel/lib/python3/dist-packages/airsim_ros_pkgs/msg/_GimbalAngleQuatCmd.py
Symlinking /home/jakeluo/Documents/RM_published_outside_repos/IntelligentUAVChampionshipBase-main/devel/lib/python3/dist-packages/airsim_ros_pkgs/msg/__init__.py
Symlinking /home/jakeluo/Documents/RM_published_outside_repos/IntelligentUAVChampionshipBase-main/devel/lib/pkgconfig/airsim_ros_pkgs.pc
Symlinking /home/jakeluo/Documents/RM_published_outside_repos/IntelligentUAVChampionshipBase-main/devel/share/common-lisp/ros/airsim_ros_pkgs/srv/Takeoff.lisp
Symlinking /home/jakeluo/Documents/RM_published_outside_repos/IntelligentUAVChampionshipBase-main/devel/share/common-lisp/ros/airsim_ros_pkgs/srv/airsim_ros_pkgs-srv.asd
Symlinking /home/jakeluo/Documents/RM_published_outside_repos/IntelligentUAVChampionshipBase-main/devel/share/common-lisp/ros/airsim_ros_pkgs/srv/LandGroup.lisp
Symlinking /home/jakeluo/Documents/RM_published_outside_repos/IntelligentUAVChampionshipBase-main/devel/share/common-lisp/ros/airsim_ros_pkgs/srv/_package_SetLocalPosition.lisp
Symlinking /home/jakeluo/Documents/RM_published_outside_repos/IntelligentUAVChampionshipBase-main/devel/share/common-lisp/ros/airsim_ros_pkgs/srv/SetLocalPosition.lisp
Symlinking /home/jakeluo/Documents/RM_published_outside_repos/IntelligentUAVChampionshipBase-main/devel/share/common-lisp/ros/airsim_ros_pkgs/srv/_package.lisp
Symlinking /home/jakeluo/Documents/RM_published_outside_repos/IntelligentUAVChampionshipBase-main/devel/share/common-lisp/ros/airsim_ros_pkgs/srv/_package_SetGPSPosition.lisp
Symlinking /home/jakeluo/Documents/RM_published_outside_repos/IntelligentUAVChampionshipBase-main/devel/share/common-lisp/ros/airsim_ros_pkgs/srv/Reset.lisp
Symlinking /home/jakeluo/Documents/RM_published_outside_repos/IntelligentUAVChampionshipBase-main/devel/share/common-lisp/ros/airsim_ros_pkgs/srv/_package_Land.lisp
Symlinking /home/jakeluo/Documents/RM_published_outside_repos/IntelligentUAVChampionshipBase-main/devel/share/common-lisp/ros/airsim_ros_pkgs/srv/TakeoffGroup.lisp
Symlinking /home/jakeluo/Documents/RM_published_outside_repos/IntelligentUAVChampionshipBase-main/devel/share/common-lisp/ros/airsim_ros_pkgs/srv/SetGPSPosition.lisp
Symlinking /home/jakeluo/Documents/RM_published_outside_repos/IntelligentUAVChampionshipBase-main/devel/share/common-lisp/ros/airsim_ros_pkgs/srv/_package_LandGroup.lisp
Symlinking /home/jakeluo/Documents/RM_published_outside_repos/IntelligentUAVChampionshipBase-main/devel/share/common-lisp/ros/airsim_ros_pkgs/srv/_package_TakeoffGroup.lisp
Symlinking /home/jakeluo/Documents/RM_published_outside_repos/IntelligentUAVChampionshipBase-main/devel/share/common-lisp/ros/airsim_ros_pkgs/srv/Land.lisp
Symlinking /home/jakeluo/Documents/RM_published_outside_repos/IntelligentUAVChampionshipBase-main/devel/share/common-lisp/ros/airsim_ros_pkgs/srv/_package_Reset.lisp
Symlinking /home/jakeluo/Documents/RM_published_outside_repos/IntelligentUAVChampionshipBase-main/devel/share/common-lisp/ros/airsim_ros_pkgs/srv/_package_Takeoff.lisp
Symlinking /home/jakeluo/Documents/RM_published_outside_repos/IntelligentUAVChampionshipBase-main/devel/share/common-lisp/ros/airsim_ros_pkgs/msg/GimbalAngleEulerCmd.lisp
Symlinking /home/jakeluo/Documents/RM_published_outside_repos/IntelligentUAVChampionshipBase-main/devel/share/common-lisp/ros/airsim_ros_pkgs/msg/GimbalAngleQuatCmd.lisp
Symlinking /home/jakeluo/Documents/RM_published_outside_repos/IntelligentUAVChampionshipBase-main/devel/share/common-lisp/ros/airsim_ros_pkgs/msg/_package_VelCmd.lisp
Symlinking /home/jakeluo/Documents/RM_published_outside_repos/IntelligentUAVChampionshipBase-main/devel/share/common-lisp/ros/airsim_ros_pkgs/msg/_package_GPSYaw.lisp
Symlinking /home/jakeluo/Documents/RM_published_outside_repos/IntelligentUAVChampionshipBase-main/devel/share/common-lisp/ros/airsim_ros_pkgs/msg/_package_Environment.lisp
Symlinking /home/jakeluo/Documents/RM_published_outside_repos/IntelligentUAVChampionshipBase-main/devel/share/common-lisp/ros/airsim_ros_pkgs/msg/Altimeter.lisp
Symlinking /home/jakeluo/Documents/RM_published_outside_repos/IntelligentUAVChampionshipBase-main/devel/share/common-lisp/ros/airsim_ros_pkgs/msg/_package_PoseCmd.lisp
Symlinking /home/jakeluo/Documents/RM_published_outside_repos/IntelligentUAVChampionshipBase-main/devel/share/common-lisp/ros/airsim_ros_pkgs/msg/_package_VelCmdGroup.lisp
Symlinking /home/jakeluo/Documents/RM_published_outside_repos/IntelligentUAVChampionshipBase-main/devel/share/common-lisp/ros/airsim_ros_pkgs/msg/_package_GimbalAngleEulerCmd.lisp
Symlinking /home/jakeluo/Documents/RM_published_outside_repos/IntelligentUAVChampionshipBase-main/devel/share/common-lisp/ros/airsim_ros_pkgs/msg/_package_GimbalAngleQuatCmd.lisp
Symlinking /home/jakeluo/Documents/RM_published_outside_repos/IntelligentUAVChampionshipBase-main/devel/share/common-lisp/ros/airsim_ros_pkgs/msg/CarState.lisp
Symlinking /home/jakeluo/Documents/RM_published_outside_repos/IntelligentUAVChampionshipBase-main/devel/share/common-lisp/ros/airsim_ros_pkgs/msg/_package_CarControls.lisp
Symlinking /home/jakeluo/Documents/RM_published_outside_repos/IntelligentUAVChampionshipBase-main/devel/share/common-lisp/ros/airsim_ros_pkgs/msg/_package_CarState.lisp
Symlinking /home/jakeluo/Documents/RM_published_outside_repos/IntelligentUAVChampionshipBase-main/devel/share/common-lisp/ros/airsim_ros_pkgs/msg/_package.lisp
Symlinking /home/jakeluo/Documents/RM_published_outside_repos/IntelligentUAVChampionshipBase-main/devel/share/common-lisp/ros/airsim_ros_pkgs/msg/Environment.lisp
Symlinking /home/jakeluo/Documents/RM_published_outside_repos/IntelligentUAVChampionshipBase-main/devel/share/common-lisp/ros/airsim_ros_pkgs/msg/VelCmdGroup.lisp
Symlinking /home/jakeluo/Documents/RM_published_outside_repos/IntelligentUAVChampionshipBase-main/devel/share/common-lisp/ros/airsim_ros_pkgs/msg/airsim_ros_pkgs-msg.asd
Symlinking /home/jakeluo/Documents/RM_published_outside_repos/IntelligentUAVChampionshipBase-main/devel/share/common-lisp/ros/airsim_ros_pkgs/msg/VelCmd.lisp
Symlinking /home/jakeluo/Documents/RM_published_outside_repos/IntelligentUAVChampionshipBase-main/devel/share/common-lisp/ros/airsim_ros_pkgs/msg/GPSYaw.lisp
Symlinking /home/jakeluo/Documents/RM_published_outside_repos/IntelligentUAVChampionshipBase-main/devel/share/common-lisp/ros/airsim_ros_pkgs/msg/CarControls.lisp
Symlinking /home/jakeluo/Documents/RM_published_outside_repos/IntelligentUAVChampionshipBase-main/devel/share/common-lisp/ros/airsim_ros_pkgs/msg/_package_Altimeter.lisp
Symlinking /home/jakeluo/Documents/RM_published_outside_repos/IntelligentUAVChampionshipBase-main/devel/share/common-lisp/ros/airsim_ros_pkgs/msg/PoseCmd.lisp
Symlinking /home/jakeluo/Documents/RM_published_outside_repos/IntelligentUAVChampionshipBase-main/devel/share/airsim_ros_pkgs/cmake/airsim_ros_pkgs-msg-extras.cmake
Symlinking /home/jakeluo/Documents/RM_published_outside_repos/IntelligentUAVChampionshipBase-main/devel/share/airsim_ros_pkgs/cmake/airsim_ros_pkgsConfig-version.cmake
Symlinking /home/jakeluo/Documents/RM_published_outside_repos/IntelligentUAVChampionshipBase-main/devel/share/airsim_ros_pkgs/cmake/airsim_ros_pkgs-msg-paths.cmake
Symlinking /home/jakeluo/Documents/RM_published_outside_repos/IntelligentUAVChampionshipBase-main/devel/share/airsim_ros_pkgs/cmake/airsim_ros_pkgsConfig.cmake
Symlinking /home/jakeluo/Documents/RM_published_outside_repos/IntelligentUAVChampionshipBase-main/devel/share/gennodejs/ros/airsim_ros_pkgs/_index.js
Symlinking /home/jakeluo/Documents/RM_published_outside_repos/IntelligentUAVChampionshipBase-main/devel/share/gennodejs/ros/airsim_ros_pkgs/srv/_index.js
Symlinking /home/jakeluo/Documents/RM_published_outside_repos/IntelligentUAVChampionshipBase-main/devel/share/gennodejs/ros/airsim_ros_pkgs/srv/SetLocalPosition.js
Symlinking /home/jakeluo/Documents/RM_published_outside_repos/IntelligentUAVChampionshipBase-main/devel/share/gennodejs/ros/airsim_ros_pkgs/srv/Reset.js
Symlinking /home/jakeluo/Documents/RM_published_outside_repos/IntelligentUAVChampionshipBase-main/devel/share/gennodejs/ros/airsim_ros_pkgs/srv/SetGPSPosition.js
Symlinking /home/jakeluo/Documents/RM_published_outside_repos/IntelligentUAVChampionshipBase-main/devel/share/gennodejs/ros/airsim_ros_pkgs/srv/Land.js
Symlinking /home/jakeluo/Documents/RM_published_outside_repos/IntelligentUAVChampionshipBase-main/devel/share/gennodejs/ros/airsim_ros_pkgs/srv/Takeoff.js
Symlinking /home/jakeluo/Documents/RM_published_outside_repos/IntelligentUAVChampionshipBase-main/devel/share/gennodejs/ros/airsim_ros_pkgs/srv/LandGroup.js
Symlinking /home/jakeluo/Documents/RM_published_outside_repos/IntelligentUAVChampionshipBase-main/devel/share/gennodejs/ros/airsim_ros_pkgs/srv/TakeoffGroup.js
Symlinking /home/jakeluo/Documents/RM_published_outside_repos/IntelligentUAVChampionshipBase-main/devel/share/gennodejs/ros/airsim_ros_pkgs/msg/VelCmd.js
Symlinking /home/jakeluo/Documents/RM_published_outside_repos/IntelligentUAVChampionshipBase-main/devel/share/gennodejs/ros/airsim_ros_pkgs/msg/GimbalAngleEulerCmd.js
Symlinking /home/jakeluo/Documents/RM_published_outside_repos/IntelligentUAVChampionshipBase-main/devel/share/gennodejs/ros/airsim_ros_pkgs/msg/_index.js
Symlinking /home/jakeluo/Documents/RM_published_outside_repos/IntelligentUAVChampionshipBase-main/devel/share/gennodejs/ros/airsim_ros_pkgs/msg/GPSYaw.js
Symlinking /home/jakeluo/Documents/RM_published_outside_repos/IntelligentUAVChampionshipBase-main/devel/share/gennodejs/ros/airsim_ros_pkgs/msg/GimbalAngleQuatCmd.js
Symlinking /home/jakeluo/Documents/RM_published_outside_repos/IntelligentUAVChampionshipBase-main/devel/share/gennodejs/ros/airsim_ros_pkgs/msg/CarState.js
Symlinking /home/jakeluo/Documents/RM_published_outside_repos/IntelligentUAVChampionshipBase-main/devel/share/gennodejs/ros/airsim_ros_pkgs/msg/Environment.js
Symlinking /home/jakeluo/Documents/RM_published_outside_repos/IntelligentUAVChampionshipBase-main/devel/share/gennodejs/ros/airsim_ros_pkgs/msg/PoseCmd.js
Symlinking /home/jakeluo/Documents/RM_published_outside_repos/IntelligentUAVChampionshipBase-main/devel/share/gennodejs/ros/airsim_ros_pkgs/msg/CarControls.js
Symlinking /home/jakeluo/Documents/RM_published_outside_repos/IntelligentUAVChampionshipBase-main/devel/share/gennodejs/ros/airsim_ros_pkgs/msg/Altimeter.js
Symlinking /home/jakeluo/Documents/RM_published_outside_repos/IntelligentUAVChampionshipBase-main/devel/share/gennodejs/ros/airsim_ros_pkgs/msg/VelCmdGroup.js
Symlinking /home/jakeluo/Documents/RM_published_outside_repos/IntelligentUAVChampionshipBase-main/devel/share/roseus/ros/airsim_ros_pkgs/manifest.l
Symlinking /home/jakeluo/Documents/RM_published_outside_repos/IntelligentUAVChampionshipBase-main/devel/share/roseus/ros/airsim_ros_pkgs/srv/SetGPSPosition.l
Symlinking /home/jakeluo/Documents/RM_published_outside_repos/IntelligentUAVChampionshipBase-main/devel/share/roseus/ros/airsim_ros_pkgs/srv/LandGroup.l
Symlinking /home/jakeluo/Documents/RM_published_outside_repos/IntelligentUAVChampionshipBase-main/devel/share/roseus/ros/airsim_ros_pkgs/srv/TakeoffGroup.l
Symlinking /home/jakeluo/Documents/RM_published_outside_repos/IntelligentUAVChampionshipBase-main/devel/share/roseus/ros/airsim_ros_pkgs/srv/SetLocalPosition.l
Symlinking /home/jakeluo/Documents/RM_published_outside_repos/IntelligentUAVChampionshipBase-main/devel/share/roseus/ros/airsim_ros_pkgs/srv/Land.l
Symlinking /home/jakeluo/Documents/RM_published_outside_repos/IntelligentUAVChampionshipBase-main/devel/share/roseus/ros/airsim_ros_pkgs/srv/Reset.l
Symlinking /home/jakeluo/Documents/RM_published_outside_repos/IntelligentUAVChampionshipBase-main/devel/share/roseus/ros/airsim_ros_pkgs/srv/Takeoff.l
Symlinking /home/jakeluo/Documents/RM_published_outside_repos/IntelligentUAVChampionshipBase-main/devel/share/roseus/ros/airsim_ros_pkgs/msg/Altimeter.l
Symlinking /home/jakeluo/Documents/RM_published_outside_repos/IntelligentUAVChampionshipBase-main/devel/share/roseus/ros/airsim_ros_pkgs/msg/GPSYaw.l
Symlinking /home/jakeluo/Documents/RM_published_outside_repos/IntelligentUAVChampionshipBase-main/devel/share/roseus/ros/airsim_ros_pkgs/msg/PoseCmd.l
Symlinking /home/jakeluo/Documents/RM_published_outside_repos/IntelligentUAVChampionshipBase-main/devel/share/roseus/ros/airsim_ros_pkgs/msg/CarState.l
Symlinking /home/jakeluo/Documents/RM_published_outside_repos/IntelligentUAVChampionshipBase-main/devel/share/roseus/ros/airsim_ros_pkgs/msg/Environment.l
Symlinking /home/jakeluo/Documents/RM_published_outside_repos/IntelligentUAVChampionshipBase-main/devel/share/roseus/ros/airsim_ros_pkgs/msg/CarControls.l
Symlinking /home/jakeluo/Documents/RM_published_outside_repos/IntelligentUAVChampionshipBase-main/devel/share/roseus/ros/airsim_ros_pkgs/msg/VelCmd.l
Symlinking /home/jakeluo/Documents/RM_published_outside_repos/IntelligentUAVChampionshipBase-main/devel/share/roseus/ros/airsim_ros_pkgs/msg/GimbalAngleQuatCmd.l
Symlinking /home/jakeluo/Documents/RM_published_outside_repos/IntelligentUAVChampionshipBase-main/devel/share/roseus/ros/airsim_ros_pkgs/msg/VelCmdGroup.l
Symlinking /home/jakeluo/Documents/RM_published_outside_repos/IntelligentUAVChampionshipBase-main/devel/share/roseus/ros/airsim_ros_pkgs/msg/GimbalAngleEulerCmd.l
