[  0%] Built target geometry_msgs_generate_messages_nodejs
[  0%] Built target geographic_msgs_generate_messages_nodejs
[  0%] Built target std_msgs_generate_messages_nodejs
[  0%] Built target _airsim_ros_pkgs_generate_messages_check_deps_Takeoff
[  0%] Built target _airsim_ros_pkgs_generate_messages_check_deps_GPSYaw
[  0%] Built target _airsim_ros_pkgs_generate_messages_check_deps_Altimeter
[  0%] Built target _airsim_ros_pkgs_generate_messages_check_deps_Land
[  0%] Built target _airsim_ros_pkgs_generate_messages_check_deps_SetGPSPosition
[  0%] Built target _airsim_ros_pkgs_generate_messages_check_deps_TakeoffGroup
[  0%] Built target _airsim_ros_pkgs_generate_messages_check_deps_Reset
[  0%] Built target _airsim_ros_pkgs_generate_messages_check_deps_Environment
[  0%] Built target _airsim_ros_pkgs_generate_messages_check_deps_LandGroup
[  0%] Built target _airsim_ros_pkgs_generate_messages_check_deps_VelCmd
[  0%] Built target _airsim_ros_pkgs_generate_messages_check_deps_CarControls
[  0%] Built target _airsim_ros_pkgs_generate_messages_check_deps_PoseCmd
[  0%] Built target geographic_msgs_generate_messages_py
[  0%] Built target _airsim_ros_pkgs_generate_messages_check_deps_SetLocalPosition
[  0%] Built target _airsim_ros_pkgs_generate_messages_check_deps_CarState
[  0%] Built target std_msgs_generate_messages_py
[  0%] Built target _airsim_ros_pkgs_generate_messages_check_deps_GimbalAngleEulerCmd
[  0%] Built target _airsim_ros_pkgs_generate_messages_check_deps_VelCmdGroup
[  0%] Built target geographic_msgs_generate_messages_cpp
[  0%] Built target geometry_msgs_generate_messages_py
[  0%] Built target std_msgs_generate_messages_cpp
[  0%] Built target geographic_msgs_generate_messages_eus
[  0%] Built target geometry_msgs_generate_messages_cpp
[  0%] Built target std_msgs_generate_messages_eus
[  0%] Built target geometry_msgs_generate_messages_eus
[  0%] Built target geometry_msgs_generate_messages_lisp
[  0%] Built target geographic_msgs_generate_messages_lisp
[  0%] Built target std_msgs_generate_messages_lisp
[  0%] Built target _airsim_ros_pkgs_generate_messages_check_deps_GimbalAngleQuatCmd
[ 19%] Built target airsim_ros_pkgs_generate_messages_nodejs
[ 39%] Built target airsim_ros_pkgs_generate_messages_eus
[ 61%] Built target airsim_ros_pkgs_generate_messages_cpp
[ 78%] Built target airsim_ros_pkgs_generate_messages_lisp
[100%] Built target airsim_ros_pkgs_generate_messages_py
[100%] Built target airsim_ros_pkgs_generate_messages
